mode: set
github.com/jpedro/request/request.go:34.46,43.2 7 1
github.com/jpedro/request/request.go:45.31,47.2 1 1
github.com/jpedro/request/request.go:49.32,51.2 1 1
github.com/jpedro/request/request.go:53.31,55.2 1 1
github.com/jpedro/request/request.go:57.34,59.2 1 1
github.com/jpedro/request/request.go:61.39,64.2 2 1
github.com/jpedro/request/request.go:66.54,69.2 2 1
github.com/jpedro/request/request.go:71.55,74.2 2 1
github.com/jpedro/request/request.go:76.39,78.33 2 1
github.com/jpedro/request/request.go:78.33,81.3 1 1
github.com/jpedro/request/request.go:83.2,83.34 1 1
github.com/jpedro/request/request.go:86.54,89.2 2 1
github.com/jpedro/request/request.go:91.64,92.31 1 1
github.com/jpedro/request/request.go:92.31,94.3 1 1
github.com/jpedro/request/request.go:96.2,96.10 1 1
github.com/jpedro/request/request.go:99.55,102.2 2 1
github.com/jpedro/request/request.go:104.65,105.31 1 1
github.com/jpedro/request/request.go:105.31,107.3 1 1
github.com/jpedro/request/request.go:109.2,109.10 1 1
github.com/jpedro/request/request.go:112.39,113.24 1 1
github.com/jpedro/request/request.go:113.24,115.3 1 1
github.com/jpedro/request/request.go:117.2,117.37 1 1
github.com/jpedro/request/request.go:120.44,124.18 3 1
github.com/jpedro/request/request.go:125.39,127.63 2 1
github.com/jpedro/request/request.go:128.10,129.60 1 1
github.com/jpedro/request/request.go:132.2,132.16 1 1
github.com/jpedro/request/request.go:132.16,134.3 1 0
github.com/jpedro/request/request.go:136.2,136.34 1 1
github.com/jpedro/request/request.go:136.34,138.3 1 1
github.com/jpedro/request/request.go:140.2,145.16 3 1
github.com/jpedro/request/request.go:145.16,147.3 1 0
github.com/jpedro/request/request.go:149.2,150.21 2 1
github.com/jpedro/request/request.go:150.21,153.17 3 1
github.com/jpedro/request/request.go:153.17,155.4 1 0
github.com/jpedro/request/request.go:158.2,159.35 2 1
github.com/jpedro/request/request.go:159.35,161.3 1 1
github.com/jpedro/request/request.go:163.2,169.22 6 1
github.com/jpedro/request/request.go:172.43,175.16 3 1
github.com/jpedro/request/request.go:175.16,177.3 1 0
github.com/jpedro/request/request.go:179.2,179.18 1 1
